Info: Starting: Create HDL design files for synthesis
Info: qsys-generate D:\Programmen\intelFPGA_lite\17.1\Projekte\MAX1000_nios_lab\nios_sys.qsys --synthesis=VHDL --output-directory=D:\Programmen\intelFPGA_lite\17.1\Projekte\MAX1000_nios_lab\nios_sys\synthesis --family="MAX 10" --part=10M08SAU169C8G
Progress: Loading MAX1000_nios_lab/nios_sys.qsys
Progress: Reading input file
Progress: Adding clk12mhz [clock_source 17.1]
Progress: Parameterizing module clk12mhz
Progress: Adding jtag_uart [altera_avalon_jtag_uart 17.1]
Progress: Parameterizing module jtag_uart
Progress: Adding nios [altera_nios2_gen2 17.1]
Progress: Parameterizing module nios
Progress: Adding onchip_ram [altera_avalon_onchip_memory2 17.1]
Progress: Parameterizing module onchip_ram
Progress: Adding pio_leds [altera_avalon_pio 17.1]
Progress: Parameterizing module pio_leds
Progress: Adding pio_lis3dh [altera_avalon_pio 17.1]
Progress: Parameterizing module pio_lis3dh
Progress: Adding pll [altpll 17.1]
Progress: Parameterizing module pll
Progress: Adding spi_lis3dh [altera_avalon_spi 17.1]
Progress: Parameterizing module spi_lis3dh
Progress: Adding sys_id [altera_avalon_sysid_qsys 17.1]
Progress: Parameterizing module sys_id
Progress: Building connections
Progress: Parameterizing connections
Progress: Validating
Progress: Done reading input file
Info: nios_sys.jtag_uart: JTAG UART IP input clock need to be at least double (2x) the operating frequency of JTAG TCK on board
Info: nios_sys.pio_lis3dh: PIO inputs are not hardwired in test bench. Undefined values will be read from PIO inputs during simulation.
Info: nios_sys.sys_id: System ID is not assigned automatically. Edit the System ID parameter to provide a unique ID
Info: nios_sys.sys_id: Time stamp will be automatically updated when this component is generated.
Warning: nios_sys.pio_lis3dh: pio_lis3dh.external_connection must be exported, or connected to a matching conduit.
Warning: nios_sys.sys_id: sys_id.control_slave must be connected to an Avalon-MM master
Info: nios_sys: Generating nios_sys "nios_sys" for QUARTUS_SYNTH
Info: Inserting clock-crossing logic between cmd_demux.src2 and cmd_mux_002.sink0
Info: Inserting clock-crossing logic between rsp_demux_002.src0 and rsp_mux.sink2
Info: jtag_uart: Starting RTL generation for module 'nios_sys_jtag_uart'
Info: jtag_uart:   Generation command is [exec D:/programmen/intelfpga_lite/17.1/quartus/bin64/perl/bin/perl.exe -I D:/programmen/intelfpga_lite/17.1/quartus/bin64/perl/lib -I D:/programmen/intelfpga_lite/17.1/quartus/sopc_builder/bin/europa -I D:/programmen/intelfpga_lite/17.1/quartus/sopc_builder/bin/perl_lib -I D:/programmen/intelfpga_lite/17.1/quartus/sopc_builder/bin -I D:/programmen/intelfpga_lite/17.1/quartus/../ip/altera/sopc_builder_ip/common -I D:/programmen/intelfpga_lite/17.1/quartus/../ip/altera/sopc_builder_ip/altera_avalon_jtag_uart -- D:/programmen/intelfpga_lite/17.1/quartus/../ip/altera/sopc_builder_ip/altera_avalon_jtag_uart/generate_rtl.pl --name=nios_sys_jtag_uart --dir=C:/Users/franc/AppData/Local/Temp/alt7599_8757778648065798535.dir/0002_jtag_uart_gen/ --quartus_dir=D:/programmen/intelfpga_lite/17.1/quartus --verilog --config=C:/Users/franc/AppData/Local/Temp/alt7599_8757778648065798535.dir/0002_jtag_uart_gen//nios_sys_jtag_uart_component_configuration.pl  --do_build_sim=0  ]
Info: jtag_uart: Done RTL generation for module 'nios_sys_jtag_uart'
Info: jtag_uart: "nios_sys" instantiated altera_avalon_jtag_uart "jtag_uart"
Info: nios: "nios_sys" instantiated altera_nios2_gen2 "nios"
Info: onchip_ram: Starting RTL generation for module 'nios_sys_onchip_ram'
Info: onchip_ram:   Generation command is [exec D:/programmen/intelfpga_lite/17.1/quartus/bin64/perl/bin/perl.exe -I D:/programmen/intelfpga_lite/17.1/quartus/bin64/perl/lib -I D:/programmen/intelfpga_lite/17.1/quartus/sopc_builder/bin/europa -I D:/programmen/intelfpga_lite/17.1/quartus/sopc_builder/bin/perl_lib -I D:/programmen/intelfpga_lite/17.1/quartus/sopc_builder/bin -I D:/programmen/intelfpga_lite/17.1/quartus/../ip/altera/sopc_builder_ip/common -I D:/programmen/intelfpga_lite/17.1/quartus/../ip/altera/sopc_builder_ip/altera_avalon_onchip_memory2 -- D:/programmen/intelfpga_lite/17.1/quartus/../ip/altera/sopc_builder_ip/altera_avalon_onchip_memory2/generate_rtl.pl --name=nios_sys_onchip_ram --dir=C:/Users/franc/AppData/Local/Temp/alt7599_8757778648065798535.dir/0003_onchip_ram_gen/ --quartus_dir=D:/programmen/intelfpga_lite/17.1/quartus --verilog --config=C:/Users/franc/AppData/Local/Temp/alt7599_8757778648065798535.dir/0003_onchip_ram_gen//nios_sys_onchip_ram_component_configuration.pl  --do_build_sim=0  ]
Info: onchip_ram: Done RTL generation for module 'nios_sys_onchip_ram'
Info: onchip_ram: "nios_sys" instantiated altera_avalon_onchip_memory2 "onchip_ram"
Info: pio_leds: Starting RTL generation for module 'nios_sys_pio_leds'
Info: pio_leds:   Generation command is [exec D:/programmen/intelfpga_lite/17.1/quartus/bin64/perl/bin/perl.exe -I D:/programmen/intelfpga_lite/17.1/quartus/bin64/perl/lib -I D:/programmen/intelfpga_lite/17.1/quartus/sopc_builder/bin/europa -I D:/programmen/intelfpga_lite/17.1/quartus/sopc_builder/bin/perl_lib -I D:/programmen/intelfpga_lite/17.1/quartus/sopc_builder/bin -I D:/programmen/intelfpga_lite/17.1/quartus/../ip/altera/sopc_builder_ip/common -I D:/programmen/intelfpga_lite/17.1/quartus/../ip/altera/sopc_builder_ip/altera_avalon_pio -- D:/programmen/intelfpga_lite/17.1/quartus/../ip/altera/sopc_builder_ip/altera_avalon_pio/generate_rtl.pl --name=nios_sys_pio_leds --dir=C:/Users/franc/AppData/Local/Temp/alt7599_8757778648065798535.dir/0004_pio_leds_gen/ --quartus_dir=D:/programmen/intelfpga_lite/17.1/quartus --verilog --config=C:/Users/franc/AppData/Local/Temp/alt7599_8757778648065798535.dir/0004_pio_leds_gen//nios_sys_pio_leds_component_configuration.pl  --do_build_sim=0  ]
Info: pio_leds: Done RTL generation for module 'nios_sys_pio_leds'
Info: pio_leds: "nios_sys" instantiated altera_avalon_pio "pio_leds"
Info: pio_lis3dh: Starting RTL generation for module 'nios_sys_pio_lis3dh'
Info: pio_lis3dh:   Generation command is [exec D:/programmen/intelfpga_lite/17.1/quartus/bin64/perl/bin/perl.exe -I D:/programmen/intelfpga_lite/17.1/quartus/bin64/perl/lib -I D:/programmen/intelfpga_lite/17.1/quartus/sopc_builder/bin/europa -I D:/programmen/intelfpga_lite/17.1/quartus/sopc_builder/bin/perl_lib -I D:/programmen/intelfpga_lite/17.1/quartus/sopc_builder/bin -I D:/programmen/intelfpga_lite/17.1/quartus/../ip/altera/sopc_builder_ip/common -I D:/programmen/intelfpga_lite/17.1/quartus/../ip/altera/sopc_builder_ip/altera_avalon_pio -- D:/programmen/intelfpga_lite/17.1/quartus/../ip/altera/sopc_builder_ip/altera_avalon_pio/generate_rtl.pl --name=nios_sys_pio_lis3dh --dir=C:/Users/franc/AppData/Local/Temp/alt7599_8757778648065798535.dir/0005_pio_lis3dh_gen/ --quartus_dir=D:/programmen/intelfpga_lite/17.1/quartus --verilog --config=C:/Users/franc/AppData/Local/Temp/alt7599_8757778648065798535.dir/0005_pio_lis3dh_gen//nios_sys_pio_lis3dh_component_configuration.pl  --do_build_sim=0  ]
Info: pio_lis3dh: Done RTL generation for module 'nios_sys_pio_lis3dh'
Info: pio_lis3dh: "nios_sys" instantiated altera_avalon_pio "pio_lis3dh"
Info: pll: "nios_sys" instantiated altpll "pll"
Info: spi_lis3dh: Starting RTL generation for module 'nios_sys_spi_lis3dh'
Info: spi_lis3dh:   Generation command is [exec D:/programmen/intelfpga_lite/17.1/quartus/bin64/perl/bin/perl.exe -I D:/programmen/intelfpga_lite/17.1/quartus/bin64/perl/lib -I D:/programmen/intelfpga_lite/17.1/quartus/sopc_builder/bin/europa -I D:/programmen/intelfpga_lite/17.1/quartus/sopc_builder/bin/perl_lib -I D:/programmen/intelfpga_lite/17.1/quartus/sopc_builder/bin -I D:/programmen/intelfpga_lite/17.1/quartus/../ip/altera/sopc_builder_ip/common -I D:/programmen/intelfpga_lite/17.1/quartus/../ip/altera/sopc_builder_ip/altera_avalon_spi -- D:/programmen/intelfpga_lite/17.1/quartus/../ip/altera/sopc_builder_ip/altera_avalon_spi/generate_rtl.pl --name=nios_sys_spi_lis3dh --dir=C:/Users/franc/AppData/Local/Temp/alt7599_8757778648065798535.dir/0008_spi_lis3dh_gen/ --quartus_dir=D:/programmen/intelfpga_lite/17.1/quartus --verilog --config=C:/Users/franc/AppData/Local/Temp/alt7599_8757778648065798535.dir/0008_spi_lis3dh_gen//nios_sys_spi_lis3dh_component_configuration.pl  --do_build_sim=0  ]
Info: spi_lis3dh: Done RTL generation for module 'nios_sys_spi_lis3dh'
Info: spi_lis3dh: "nios_sys" instantiated altera_avalon_spi "spi_lis3dh"
Info: sys_id: "nios_sys" instantiated altera_avalon_sysid_qsys "sys_id"
Info: avalon_st_adapter: Inserting error_adapter: error_adapter_0
Info: avalon_st_adapter_001: Inserting error_adapter: error_adapter_0
Info: avalon_st_adapter_002: Inserting error_adapter: error_adapter_0
Info: avalon_st_adapter_003: Inserting error_adapter: error_adapter_0
Info: avalon_st_adapter_004: Inserting error_adapter: error_adapter_0
Info: avalon_st_adapter_005: Inserting error_adapter: error_adapter_0
Info: avalon_st_adapter_006: Inserting error_adapter: error_adapter_0
Info: mm_interconnect_0: "nios_sys" instantiated altera_mm_interconnect "mm_interconnect_0"
Info: irq_mapper: "nios_sys" instantiated altera_irq_mapper "irq_mapper"
Info: rst_controller: "nios_sys" instantiated altera_reset_controller "rst_controller"
Info: cpu: Starting RTL generation for module 'nios_sys_nios_cpu'
Info: cpu:   Generation command is [exec D:/Programmen/intelFPGA_lite/17.1/quartus/bin64//eperlcmd.exe -I D:/Programmen/intelFPGA_lite/17.1/quartus/bin64//perl/lib -I D:/programmen/intelfpga_lite/17.1/quartus/sopc_builder/bin/europa -I D:/programmen/intelfpga_lite/17.1/quartus/sopc_builder/bin/perl_lib -I D:/programmen/intelfpga_lite/17.1/quartus/sopc_builder/bin -I D:/programmen/intelfpga_lite/17.1/quartus/../ip/altera/nios2_ip/altera_nios2_gen2/cpu_lib -I D:/programmen/intelfpga_lite/17.1/quartus/../ip/altera/nios2_ip/altera_nios2_gen2/nios_lib -I D:/programmen/intelfpga_lite/17.1/quartus/../ip/altera/nios2_ip/altera_nios2_gen2 -I D:/programmen/intelfpga_lite/17.1/quartus/../ip/altera/nios2_ip/altera_nios2_gen2 -- D:/programmen/intelfpga_lite/17.1/quartus/../ip/altera/nios2_ip/altera_nios2_gen2/generate_rtl.epl --name=nios_sys_nios_cpu --dir=C:/Users/franc/AppData/Local/Temp/alt7599_8757778648065798535.dir/0012_cpu_gen/ --quartus_bindir=D:/Programmen/intelFPGA_lite/17.1/quartus/bin64/ --verilog --config=C:/Users/franc/AppData/Local/Temp/alt7599_8757778648065798535.dir/0012_cpu_gen//nios_sys_nios_cpu_processor_configuration.pl  --do_build_sim=0  ]
Info: cpu: # 2018.03.09 14:49:35 (*) Starting Nios II generation
Info: cpu: # 2018.03.09 14:49:35 (*)   Checking for plaintext license.
Info: cpu: # 2018.03.09 14:49:40 (*)   Couldn't query license setup in Quartus directory D:/Programmen/intelFPGA_lite/17.1/quartus/bin64/
Info: cpu: # 2018.03.09 14:49:40 (*)   Defaulting to contents of LM_LICENSE_FILE environment variable
Info: cpu: # 2018.03.09 14:49:40 (*)   LM_LICENSE_FILE environment variable is empty
Info: cpu: # 2018.03.09 14:49:40 (*)   Plaintext license not found.
Info: cpu: # 2018.03.09 14:49:40 (*)   No license required to generate encrypted Nios II/e.
Info: cpu: # 2018.03.09 14:49:40 (*)   Elaborating CPU configuration settings
Info: cpu: # 2018.03.09 14:49:41 (*)   Creating all objects for CPU
Info: cpu: # 2018.03.09 14:49:48 (*)   Generating RTL from CPU objects
Info: cpu: # 2018.03.09 14:49:48 (*)   Creating plain-text RTL
Info: cpu: # 2018.03.09 14:49:52 (*) Done Nios II generation
Info: cpu: Done RTL generation for module 'nios_sys_nios_cpu'
Info: cpu: "nios" instantiated altera_nios2_gen2_unit "cpu"
Info: nios_data_master_translator: "mm_interconnect_0" instantiated altera_merlin_master_translator "nios_data_master_translator"
Info: jtag_uart_avalon_jtag_slave_translator: "mm_interconnect_0" instantiated altera_merlin_slave_translator "jtag_uart_avalon_jtag_slave_translator"
Info: nios_data_master_agent: "mm_interconnect_0" instantiated altera_merlin_master_agent "nios_data_master_agent"
Info: jtag_uart_avalon_jtag_slave_agent: "mm_interconnect_0" instantiated altera_merlin_slave_agent "jtag_uart_avalon_jtag_slave_agent"
Info: jtag_uart_avalon_jtag_slave_agent_rsp_fifo: "mm_interconnect_0" instantiated altera_avalon_sc_fifo "jtag_uart_avalon_jtag_slave_agent_rsp_fifo"
Info: router: "mm_interconnect_0" instantiated altera_merlin_router "router"
Info: router_001: "mm_interconnect_0" instantiated altera_merlin_router "router_001"
Info: router_002: "mm_interconnect_0" instantiated altera_merlin_router "router_002"
Info: router_003: "mm_interconnect_0" instantiated altera_merlin_router "router_003"
Info: cmd_demux: "mm_interconnect_0" instantiated altera_merlin_demultiplexer "cmd_demux"
Info: cmd_demux_001: "mm_interconnect_0" instantiated altera_merlin_demultiplexer "cmd_demux_001"
Info: cmd_mux: "mm_interconnect_0" instantiated altera_merlin_multiplexer "cmd_mux"
Info: cmd_mux_001: "mm_interconnect_0" instantiated altera_merlin_multiplexer "cmd_mux_001"
Info: Reusing file D:/Programmen/intelFPGA_lite/17.1/Projekte/MAX1000_nios_lab/nios_sys/synthesis/submodules/altera_merlin_arbitrator.sv
Info: rsp_demux: "mm_interconnect_0" instantiated altera_merlin_demultiplexer "rsp_demux"
Info: rsp_demux_002: "mm_interconnect_0" instantiated altera_merlin_demultiplexer "rsp_demux_002"
Info: rsp_mux: "mm_interconnect_0" instantiated altera_merlin_multiplexer "rsp_mux"
Info: Reusing file D:/Programmen/intelFPGA_lite/17.1/Projekte/MAX1000_nios_lab/nios_sys/synthesis/submodules/altera_merlin_arbitrator.sv
Info: rsp_mux_001: "mm_interconnect_0" instantiated altera_merlin_multiplexer "rsp_mux_001"
Info: Reusing file D:/Programmen/intelFPGA_lite/17.1/Projekte/MAX1000_nios_lab/nios_sys/synthesis/submodules/altera_merlin_arbitrator.sv
Info: crosser: "mm_interconnect_0" instantiated altera_avalon_st_handshake_clock_crosser "crosser"
Info: avalon_st_adapter: "mm_interconnect_0" instantiated altera_avalon_st_adapter "avalon_st_adapter"
Info: error_adapter_0: "avalon_st_adapter" instantiated error_adapter "error_adapter_0"
Info: nios_sys: Done "nios_sys" with 33 modules, 52 files
Info: qsys-generate succeeded.
Info: Finished: Create HDL design files for synthesis
